<?xml version="1.0" encoding="UTF-8"?>
<!-- Generated by org.testng.reporters.JUnitReportReporter -->
<testsuite hostname="auhumanpc" failures="0" tests="1" name="TestA" time="3.030" errors="0" timestamp="2019-10-03T18:08:28 PDT" skipped="0">
  <testcase classname="TestA" name="testA" time="3.030"/>
</testsuite> <!-- TestA -->
